  Battle.cpp
D:\Study\Programming\Study_PortFolio\C++_PokeMon\Final\161002_Portfolio\Battle.cpp(83,12): warning C4566: character represented by universal-character-name '\u00A5' cannot be represented in the current code page (949)
D:\Study\Programming\Study_PortFolio\C++_PokeMon\Final\161002_Portfolio\Battle.cpp(133,13): warning C4244: 'argument': conversion from 'time_t' to 'unsigned int', possible loss of data
D:\Study\Programming\Study_PortFolio\C++_PokeMon\Final\161002_Portfolio\Battle.cpp(323,1): warning C4996: 'getch': The POSIX name for this item is deprecated. Instead, use the ISO C and C++ conformant name: _getch. See online help for details.
C:\Program Files (x86)\Windows Kits\10\Include\10.0.17763.0\ucrt\conio.h(453): message : see declaration of 'getch'
D:\Study\Programming\Study_PortFolio\C++_PokeMon\Final\161002_Portfolio\Battle.cpp(400,12): warning C4566: character represented by universal-character-name '\u00A5' cannot be represented in the current code page (949)
D:\Study\Programming\Study_PortFolio\C++_PokeMon\Final\161002_Portfolio\Battle.cpp(450,13): warning C4244: 'argument': conversion from 'time_t' to 'unsigned int', possible loss of data
D:\Study\Programming\Study_PortFolio\C++_PokeMon\Final\161002_Portfolio\Battle.cpp(641,1): warning C4996: 'getch': The POSIX name for this item is deprecated. Instead, use the ISO C and C++ conformant name: _getch. See online help for details.
  Event.cpp
C:\Program Files (x86)\Windows Kits\10\Include\10.0.17763.0\ucrt\conio.h(453): message : see declaration of 'getch'
D:\Study\Programming\Study_PortFolio\C++_PokeMon\Final\161002_Portfolio\Event.cpp(334,1): warning C4996: 'getch': The POSIX name for this item is deprecated. Instead, use the ISO C and C++ conformant name: _getch. See online help for details.
  main.cpp
C:\Program Files (x86)\Windows Kits\10\Include\10.0.17763.0\ucrt\conio.h(453): message : see declaration of 'getch'
D:\Study\Programming\Study_PortFolio\C++_PokeMon\Final\161002_Portfolio\main.cpp(27,1): warning C4996: 'getch': The POSIX name for this item is deprecated. Instead, use the ISO C and C++ conformant name: _getch. See online help for details.
  Map.cpp
C:\Program Files (x86)\Windows Kits\10\Include\10.0.17763.0\ucrt\conio.h(453): message : see declaration of 'getch'
D:\Study\Programming\Study_PortFolio\C++_PokeMon\Final\161002_Portfolio\Map.cpp(22,1): warning C4996: 'getch': The POSIX name for this item is deprecated. Instead, use the ISO C and C++ conformant name: _getch. See online help for details.
C:\Program Files (x86)\Windows Kits\10\Include\10.0.17763.0\ucrt\conio.h(453): message : see declaration of 'getch'
D:\Study\Programming\Study_PortFolio\C++_PokeMon\Final\161002_Portfolio\Map.cpp(26,1): warning C4996: 'getch': The POSIX name for this item is deprecated. Instead, use the ISO C and C++ conformant name: _getch. See online help for details.
C:\Program Files (x86)\Windows Kits\10\Include\10.0.17763.0\ucrt\conio.h(453): message : see declaration of 'getch'
D:\Study\Programming\Study_PortFolio\C++_PokeMon\Final\161002_Portfolio\Map.cpp(30,1): warning C4996: 'getch': The POSIX name for this item is deprecated. Instead, use the ISO C and C++ conformant name: _getch. See online help for details.
  Opening.cpp
C:\Program Files (x86)\Windows Kits\10\Include\10.0.17763.0\ucrt\conio.h(453): message : see declaration of 'getch'
D:\Study\Programming\Study_PortFolio\C++_PokeMon\Final\161002_Portfolio\Opening.cpp(84,1): warning C4996: 'getch': The POSIX name for this item is deprecated. Instead, use the ISO C and C++ conformant name: _getch. See online help for details.
  Generating Code...
C:\Program Files (x86)\Windows Kits\10\Include\10.0.17763.0\ucrt\conio.h(453): message : see declaration of 'getch'
  161002_Portfolio.vcxproj -> D:\Study\Programming\Study_PortFolio\C++_PokeMon\Final\x64\Debug\161002_Portfolio.exe
