  Battle.cpp
Battle.cpp(83): warning C4566: 유니버설 문자 이름 '\u00A5'(으)로 표현되는 문자는 현재 코드 페이지(949)에서 표현할 수 없습니다.
Battle.cpp(133): warning C4244: '인수': 'time_t'에서 'unsigned int'(으)로 변환하면서 데이터가 손실될 수 있습니다.
Battle.cpp(323): warning C4996: 'getch': The POSIX name for this item is deprecated. Instead, use the ISO C and C++ conformant name: _getch. See online help for details.
  C:\Program Files (x86)\Windows Kits\10\Include\10.0.10240.0\ucrt\conio.h(452): note: 'getch' 선언을 참조하십시오.
Battle.cpp(400): warning C4566: 유니버설 문자 이름 '\u00A5'(으)로 표현되는 문자는 현재 코드 페이지(949)에서 표현할 수 없습니다.
Battle.cpp(450): warning C4244: '인수': 'time_t'에서 'unsigned int'(으)로 변환하면서 데이터가 손실될 수 있습니다.
Battle.cpp(641): warning C4996: 'getch': The POSIX name for this item is deprecated. Instead, use the ISO C and C++ conformant name: _getch. See online help for details.
  C:\Program Files (x86)\Windows Kits\10\Include\10.0.10240.0\ucrt\conio.h(452): note: 'getch' 선언을 참조하십시오.
  Event.cpp
Event.cpp(334): warning C4996: 'getch': The POSIX name for this item is deprecated. Instead, use the ISO C and C++ conformant name: _getch. See online help for details.
  C:\Program Files (x86)\Windows Kits\10\Include\10.0.10240.0\ucrt\conio.h(452): note: 'getch' 선언을 참조하십시오.
  main.cpp
main.cpp(27): warning C4996: 'getch': The POSIX name for this item is deprecated. Instead, use the ISO C and C++ conformant name: _getch. See online help for details.
  C:\Program Files (x86)\Windows Kits\10\Include\10.0.10240.0\ucrt\conio.h(452): note: 'getch' 선언을 참조하십시오.
  Map.cpp
Map.cpp(22): warning C4996: 'getch': The POSIX name for this item is deprecated. Instead, use the ISO C and C++ conformant name: _getch. See online help for details.
  C:\Program Files (x86)\Windows Kits\10\Include\10.0.10240.0\ucrt\conio.h(452): note: 'getch' 선언을 참조하십시오.
Map.cpp(26): warning C4996: 'getch': The POSIX name for this item is deprecated. Instead, use the ISO C and C++ conformant name: _getch. See online help for details.
  C:\Program Files (x86)\Windows Kits\10\Include\10.0.10240.0\ucrt\conio.h(452): note: 'getch' 선언을 참조하십시오.
Map.cpp(30): warning C4996: 'getch': The POSIX name for this item is deprecated. Instead, use the ISO C and C++ conformant name: _getch. See online help for details.
  C:\Program Files (x86)\Windows Kits\10\Include\10.0.10240.0\ucrt\conio.h(452): note: 'getch' 선언을 참조하십시오.
  Opening.cpp
Opening.cpp(84): warning C4996: 'getch': The POSIX name for this item is deprecated. Instead, use the ISO C and C++ conformant name: _getch. See online help for details.
  C:\Program Files (x86)\Windows Kits\10\Include\10.0.10240.0\ucrt\conio.h(452): note: 'getch' 선언을 참조하십시오.
  코드를 생성하고 있습니다.
  41 of 42 functions (97.6%) were compiled, the rest were copied from previous compilation.
    0 functions were new in current compilation
    0 functions had inline decision re-evaluated but remain unchanged
  코드를 생성했습니다.
  161002_Portfolio.vcxproj -> C:\Users\shatiel\Documents\Visual Studio 2015\Projects\포트폴리오\콘솔포폴\x64\Release\161002_Portfolio.exe
  161002_Portfolio.vcxproj -> C:\Users\shatiel\Documents\Visual Studio 2015\Projects\포트폴리오\콘솔포폴\x64\Release\161002_Portfolio.pdb (Full PDB)
